<?xml version="1.0" encoding="UTF-8"?>
<testng-results ignored="0" total="2" passed="2" failed="0" skipped="0">
  <reporter-output>
  </reporter-output>
  <suite started-at="2022-05-01T03:14:16 IST" name="Default suite" finished-at="2022-05-01T03:14:34 IST" duration-ms="17875">
    <groups>
    </groups>
    <test started-at="2022-05-01T03:14:16 IST" name="Default test" finished-at="2022-05-01T03:14:34 IST" duration-ms="17875">
      <class name="com.qa.testLayer.TestHome">
        <test-method is-config="true" signature="setup()[pri:0, instance:com.qa.testLayer.TestHome@6973b51b]" started-at="2022-05-01T03:14:16 IST" name="setup" finished-at="2022-05-01T03:14:21 IST" duration-ms="4646" status="PASS">
          <reporter-output>
          </reporter-output>
        </test-method> <!-- setup -->
        <test-method signature="checkFashion()[pri:1, instance:com.qa.testLayer.TestHome@6973b51b]" started-at="2022-05-01T03:14:21 IST" name="checkFashion" finished-at="2022-05-01T03:14:26 IST" duration-ms="5287" status="PASS">
          <reporter-output>
          </reporter-output>
        </test-method> <!-- checkFashion -->
        <test-method is-config="true" signature="TearDown()[pri:0, instance:com.qa.testLayer.TestHome@6973b51b]" started-at="2022-05-01T03:14:26 IST" name="TearDown" finished-at="2022-05-01T03:14:26 IST" duration-ms="188" status="PASS">
          <reporter-output>
          </reporter-output>
        </test-method> <!-- TearDown -->
        <test-method is-config="true" signature="setup()[pri:0, instance:com.qa.testLayer.TestHome@6973b51b]" started-at="2022-05-01T03:14:26 IST" name="setup" finished-at="2022-05-01T03:14:29 IST" duration-ms="2659" status="PASS">
          <reporter-output>
          </reporter-output>
        </test-method> <!-- setup -->
        <test-method signature="checkMobile()[pri:2, instance:com.qa.testLayer.TestHome@6973b51b]" started-at="2022-05-01T03:14:29 IST" name="checkMobile" finished-at="2022-05-01T03:14:33 IST" duration-ms="4823" status="PASS">
          <reporter-output>
          </reporter-output>
        </test-method> <!-- checkMobile -->
        <test-method is-config="true" signature="TearDown()[pri:0, instance:com.qa.testLayer.TestHome@6973b51b]" started-at="2022-05-01T03:14:33 IST" name="TearDown" finished-at="2022-05-01T03:14:34 IST" duration-ms="237" status="PASS">
          <reporter-output>
          </reporter-output>
        </test-method> <!-- TearDown -->
      </class> <!-- com.qa.testLayer.TestHome -->
    </test> <!-- Default test -->
  </suite> <!-- Default suite -->
</testng-results>
